<?xml version="1.0" encoding="UTF-8"?>
<!-- Generated by org.testng.reporters.JUnitReportReporter -->
<testsuite hostname="LAPTOP-FGBCASBF" failures="0" tests="2" name="newproject.ContactTestScriptTest" time="22.556" errors="0" timestamp="2024-10-30T13:13:02 IST" skipped="0">
  <testcase classname="newproject.ContactTestScriptTest" name="contactTest2" time="10.227"/>
  <testcase classname="newproject.ContactTestScriptTest" name="teContact" time="12.329"/>
</testsuite> <!-- newproject.ContactTestScriptTest -->
