<?xml version="1.0" encoding="UTF-8"?>
<!-- Generated by org.testng.reporters.JUnitReportReporter -->
<testsuite hostname="LAPTOP-FGBCASBF" failures="0" tests="2" name="newproject.ContactTestScriptTest" time="18.200" errors="0" timestamp="2024-10-30T14:49:01 IST" skipped="0">
  <testcase classname="newproject.ContactTestScriptTest" name="contactTest2" time="7.242"/>
  <testcase classname="newproject.ContactTestScriptTest" name="teContact" time="10.958"/>
</testsuite> <!-- newproject.ContactTestScriptTest -->
